0 silly input [ 'publish' ]
1 silly flags { _: [ 'publish' ],
1 silly flags   'reject-cycles': false,
1 silly flags   rejectCycles: false,
1 silly flags   'skip-git': true,
1 silly flags   skipGit: true }
2 verbose rootPath /Users/Joe/www/smoothie
3 info version 2.11.0
4 silly isInitialized
5 silly isInitialized true
6 silly existsSync /Users/Joe/www/smoothie/VERSION
7 silly initialize attempt
8 info current version 0.0.1
9 silly getUpdates
10 info Checking for updated packages...
11 silly hasTags
12 verbose hasTags false
13 info Comparing with initial commit.
14 verbose updated @smoothie-css/stylelint-config
15 verbose updated @smoothie-css/stylelint-scss-config
16 verbose updated @smoothie-css/with-json-scss-and-styled-components
17 info Checking for prereleased packages...
18 silly collectDependents
19 silly isPackageDependentOf @smoothie-css/stylelint-config @smoothie-css/stylelint-config
20 silly isPackageDependentOf @smoothie-css/stylelint-config @smoothie-css/stylelint-scss-config
21 silly isPackageDependentOf @smoothie-css/stylelint-config @smoothie-css/with-json-scss-and-styled-components
22 silly isPackageDependentOf @smoothie-css/stylelint-scss-config @smoothie-css/stylelint-config
23 silly isPackageDependentOf @smoothie-css/stylelint-scss-config @smoothie-css/stylelint-scss-config
24 silly isPackageDependentOf @smoothie-css/stylelint-scss-config @smoothie-css/with-json-scss-and-styled-components
25 silly isPackageDependentOf @smoothie-css/with-json-scss-and-styled-components @smoothie-css/stylelint-config
26 silly isPackageDependentOf @smoothie-css/with-json-scss-and-styled-components @smoothie-css/stylelint-scss-config
27 silly isPackageDependentOf @smoothie-css/with-json-scss-and-styled-components @smoothie-css/with-json-scss-and-styled-components
28 silly collectUpdates
29 verbose has filtered update @smoothie-css/stylelint-config
30 verbose has filtered update @smoothie-css/stylelint-scss-config
31 verbose has filtered update @smoothie-css/with-json-scss-and-styled-components
32 silly initialize success
33 silly execute attempt
34 silly runScriptSync preversion undefined
35 silly runScriptSync preversion @smoothie-css/stylelint-config
36 silly runScriptSync version @smoothie-css/stylelint-config
37 silly runScriptSync preversion @smoothie-css/stylelint-scss-config
38 silly runScriptSync version @smoothie-css/stylelint-scss-config
39 silly runScriptSync preversion @smoothie-css/with-json-scss-and-styled-components
40 silly runScriptSync version @smoothie-css/with-json-scss-and-styled-components
41 silly runScriptSync version undefined
42 info publish Publishing packages to npm...
43 silly existsSync /Users/Joe/www/smoothie/packages/stylelint-config/scripts/prepublish.js
44 verbose execScript No prepublish script found at /Users/Joe/www/smoothie/packages/stylelint-config/scripts/prepublish.js
45 silly existsSync /Users/Joe/www/smoothie/packages/stylelint-scss-config/scripts/prepublish.js
46 verbose execScript No prepublish script found at /Users/Joe/www/smoothie/packages/stylelint-scss-config/scripts/prepublish.js
47 silly existsSync /Users/Joe/www/smoothie/recipes/json-scss-and-styled-components/scripts/prepublish.js
48 verbose execScript No prepublish script found at /Users/Joe/www/smoothie/recipes/json-scss-and-styled-components/scripts/prepublish.js
49 verbose publishing @smoothie-css/stylelint-config
50 silly publishTaggedInDir latest stylelint-config
51 silly getExecOpts { cwd: '/Users/Joe/www/smoothie/packages/stylelint-config' }
52 verbose publishing @smoothie-css/stylelint-scss-config
53 silly publishTaggedInDir latest stylelint-scss-config
54 silly getExecOpts { cwd: '/Users/Joe/www/smoothie/packages/stylelint-scss-config' }
55 error publish Retrying failed publish: @smoothie-css/stylelint-scss-config
56 verbose publish error undefined
57 verbose publishing @smoothie-css/stylelint-scss-config
58 silly publishTaggedInDir latest stylelint-scss-config
59 silly getExecOpts { cwd: '/Users/Joe/www/smoothie/packages/stylelint-scss-config' }
60 error publish Retrying failed publish: @smoothie-css/stylelint-config
61 verbose publish error undefined
62 verbose publishing @smoothie-css/stylelint-config
63 silly publishTaggedInDir latest stylelint-config
64 silly getExecOpts { cwd: '/Users/Joe/www/smoothie/packages/stylelint-config' }
65 error publish Retrying failed publish: @smoothie-css/stylelint-scss-config
66 verbose publish error undefined
67 verbose publishing @smoothie-css/stylelint-scss-config
68 silly publishTaggedInDir latest stylelint-scss-config
69 silly getExecOpts { cwd: '/Users/Joe/www/smoothie/packages/stylelint-scss-config' }
70 error publish Retrying failed publish: @smoothie-css/stylelint-config
71 verbose publish error undefined
72 verbose publishing @smoothie-css/stylelint-config
73 silly publishTaggedInDir latest stylelint-config
74 silly getExecOpts { cwd: '/Users/Joe/www/smoothie/packages/stylelint-config' }
75 error publish Retrying failed publish: @smoothie-css/stylelint-config
76 verbose publish error undefined
77 verbose publishing @smoothie-css/stylelint-config
78 silly publishTaggedInDir latest stylelint-config
79 silly getExecOpts { cwd: '/Users/Joe/www/smoothie/packages/stylelint-config' }
80 error publish Retrying failed publish: @smoothie-css/stylelint-scss-config
81 verbose publish error undefined
82 verbose publishing @smoothie-css/stylelint-scss-config
83 silly publishTaggedInDir latest stylelint-scss-config
84 silly getExecOpts { cwd: '/Users/Joe/www/smoothie/packages/stylelint-scss-config' }
85 error publish Retrying failed publish: @smoothie-css/stylelint-config
86 verbose publish error undefined
87 verbose publishing @smoothie-css/stylelint-config
88 silly publishTaggedInDir latest stylelint-config
89 silly getExecOpts { cwd: '/Users/Joe/www/smoothie/packages/stylelint-config' }
90 error publish Retrying failed publish: @smoothie-css/stylelint-scss-config
91 verbose publish error undefined
92 verbose publishing @smoothie-css/stylelint-scss-config
93 silly publishTaggedInDir latest stylelint-scss-config
94 silly getExecOpts { cwd: '/Users/Joe/www/smoothie/packages/stylelint-scss-config' }
95 error publish Ran out of retries while publishing @smoothie-css/stylelint-scss-config Error: Command failed: npm publish --tag latest
95 error publish npm notice
95 error publish npm notice 📦  @smoothie-css/stylelint-scss-config@0.0.1
95 error publish npm notice === Tarball Contents ===
95 error publish npm notice 801B package.json
95 error publish npm notice 505B index.js
95 error publish npm notice === Tarball Details ===
95 error publish npm notice name:          @smoothie-css/stylelint-scss-config
95 error publish npm notice version:       0.0.1
95 error publish npm notice package size:  726 B
95 error publish npm notice unpacked size: 1.3 kB
95 error publish npm notice shasum:        3011edbaa49d8e17d53df6572a4250db4b3fafa5
95 error publish npm notice integrity:     sha512-niiYfFx2RE2VS[...]wJ4zMt9rQCwCQ==
95 error publish npm notice total files:   2
95 error publish npm notice
95 error publish npm ERR! publish Failed PUT 402
95 error publish npm ERR! code E402
95 error publish npm ERR! You must sign up for private packages : @smoothie-css/stylelint-scss-config
95 error publish
95 error publish npm ERR! A complete log of this run can be found in:
95 error publish npm ERR!     /Users/Joe/.npm/_logs/2018-07-22T19_48_28_435Z-debug.log
95 error publish
95 error publish     at Promise.all.then.arr (/Users/Joe/.nvm/versions/node/v10.3.0/lib/node_modules/lerna/node_modules/execa/index.js:236:11)
95 error publish     at process._tickCallback (internal/process/next_tick.js:68:7)
96 error execute callback with error
97 error Error: Command failed: npm publish --tag latest
97 error npm notice
97 error npm notice 📦  @smoothie-css/stylelint-scss-config@0.0.1
97 error npm notice === Tarball Contents ===
97 error npm notice 801B package.json
97 error npm notice 505B index.js
97 error npm notice === Tarball Details ===
97 error npm notice name:          @smoothie-css/stylelint-scss-config
97 error npm notice version:       0.0.1
97 error npm notice package size:  726 B
97 error npm notice unpacked size: 1.3 kB
97 error npm notice shasum:        3011edbaa49d8e17d53df6572a4250db4b3fafa5
97 error npm notice integrity:     sha512-niiYfFx2RE2VS[...]wJ4zMt9rQCwCQ==
97 error npm notice total files:   2
97 error npm notice
97 error npm ERR! publish Failed PUT 402
97 error npm ERR! code E402
97 error npm ERR! You must sign up for private packages : @smoothie-css/stylelint-scss-config
97 error
97 error npm ERR! A complete log of this run can be found in:
97 error npm ERR!     /Users/Joe/.npm/_logs/2018-07-22T19_48_28_435Z-debug.log
97 error
97 error     at Promise.all.then.arr (/Users/Joe/.nvm/versions/node/v10.3.0/lib/node_modules/lerna/node_modules/execa/index.js:236:11)
